<?xml version="1.0" encoding="UTF-8"?>
<!-- Generated by org.testng.reporters.JUnitXMLReporter -->
<testsuite hostname="QAPPS02" ignored="0" name="TestCase1" tests="4" failures="0" timestamp="31 Aug 2019 12:30:17 GMT" time="88.0" errors="0">
  <testcase name="Drag_and_Drop" time="7.364" classname="com.TestNGDependency_dependsOnMethods.Demo_DependsOnMethod_in_TestNG"/>
  <testcase name="AlertIsPresent" time="13.686" classname="com.TestNGDependency_dependsOnMethods.Demo_DependsOnMethod_in_TestNG"/>
  <testcase name="Dynamically_Identify_Tables_Data" time="20.529" classname="com.TestNGDependency_dependsOnMethods.Demo_DependsOnMethod_in_TestNG"/>
  <testcase name="Simple_Alert" time="18.143" classname="com.TestNGDependency_dependsOnMethods.Demo_DependsOnMethod_in_TestNG"/>
</testsuite> <!-- TestCase1 -->
