<?xml version="1.0" encoding="UTF-8"?>
<!-- Generated by org.testng.reporters.JUnitXMLReporter -->
<testsuite hostname="QAPPS02" ignored="0" name="Default test" tests="4" failures="0" timestamp="31 Aug 2019 12:22:47 GMT" time="52.753" errors="0">
  <testcase name="Drag_and_Drop" time="5.108" classname="com.TestNGDependency_dependsOnMethods.Demo_DependsOnMethod_in_TestNG"/>
  <testcase name="AlertIsPresent" time="12.279" classname="com.TestNGDependency_dependsOnMethods.Demo_DependsOnMethod_in_TestNG"/>
  <testcase name="Dynamically_Identify_Tables_Data" time="10.377" classname="com.TestNGDependency_dependsOnMethods.Demo_DependsOnMethod_in_TestNG"/>
  <testcase name="Simple_Alert" time="13.529" classname="com.TestNGDependency_dependsOnMethods.Demo_DependsOnMethod_in_TestNG"/>
</testsuite> <!-- Default test -->
