<?xml version="1.0" encoding="UTF-8"?>
<testng-results skipped="0" failed="0" ignored="0" total="4" passed="4">
  <reporter-output>
  </reporter-output>
  <suite name="TestDependency" duration-ms="88000" started-at="2019-08-31T12:28:48Z" finished-at="2019-08-31T12:30:16Z">
    <groups>
    </groups>
    <test name="TestCase1" duration-ms="88000" started-at="2019-08-31T12:28:48Z" finished-at="2019-08-31T12:30:16Z">
      <class name="com.TestNGDependency_dependsOnMethods.Demo_DependsOnMethod_in_TestNG">
        <test-method status="PASS" signature="beforeTest()[pri:0, instance:com.TestNGDependency_dependsOnMethods.Demo_DependsOnMethod_in_TestNG@8bd1b6a]" name="beforeTest" is-config="true" duration-ms="26154" started-at="2019-08-31T12:28:48Z" finished-at="2019-08-31T12:29:14Z">
          <reporter-output>
          </reporter-output>
        </test-method> <!-- beforeTest -->
        <test-method status="PASS" signature="Drag_and_Drop()[pri:0, instance:com.TestNGDependency_dependsOnMethods.Demo_DependsOnMethod_in_TestNG@8bd1b6a]" name="Drag_and_Drop" duration-ms="7364" started-at="2019-08-31T12:29:14Z" finished-at="2019-08-31T12:29:21Z">
          <reporter-output>
          </reporter-output>
        </test-method> <!-- Drag_and_Drop -->
        <test-method status="PASS" signature="AlertIsPresent()[pri:0, instance:com.TestNGDependency_dependsOnMethods.Demo_DependsOnMethod_in_TestNG@8bd1b6a]" name="AlertIsPresent" duration-ms="13686" started-at="2019-08-31T12:29:21Z" finished-at="2019-08-31T12:29:35Z">
          <reporter-output>
          </reporter-output>
        </test-method> <!-- AlertIsPresent -->
        <test-method status="PASS" signature="Dynamically_Identify_Tables_Data()[pri:0, instance:com.TestNGDependency_dependsOnMethods.Demo_DependsOnMethod_in_TestNG@8bd1b6a]" name="Dynamically_Identify_Tables_Data" duration-ms="20529" started-at="2019-08-31T12:29:35Z" finished-at="2019-08-31T12:29:56Z">
          <reporter-output>
          </reporter-output>
        </test-method> <!-- Dynamically_Identify_Tables_Data -->
        <test-method status="PASS" signature="Simple_Alert()[pri:0, instance:com.TestNGDependency_dependsOnMethods.Demo_DependsOnMethod_in_TestNG@8bd1b6a]" name="Simple_Alert" duration-ms="18143" started-at="2019-08-31T12:29:56Z" depends-on-methods="com.TestNGDependency_dependsOnMethods.Demo_DependsOnMethod_in_TestNG.Drag_and_Drop" finished-at="2019-08-31T12:30:14Z">
          <reporter-output>
          </reporter-output>
        </test-method> <!-- Simple_Alert -->
        <test-method status="PASS" signature="afterTest()[pri:0, instance:com.TestNGDependency_dependsOnMethods.Demo_DependsOnMethod_in_TestNG@8bd1b6a]" name="afterTest" is-config="true" duration-ms="1891" started-at="2019-08-31T12:30:14Z" finished-at="2019-08-31T12:30:16Z">
          <reporter-output>
          </reporter-output>
        </test-method> <!-- afterTest -->
      </class> <!-- com.TestNGDependency_dependsOnMethods.Demo_DependsOnMethod_in_TestNG -->
    </test> <!-- TestCase1 -->
  </suite> <!-- TestDependency -->
</testng-results>
